[debug] [2023-04-01T20:09:46.385Z] ----------------------------------------------------------------------
[debug] [2023-04-01T20:09:46.387Z] Command:       /usr/local/bin/firebase /Users/dhananjaydeore/.cache/firebase/tools/lib/node_modules/firebase-tools/lib/bin/firebase login
[debug] [2023-04-01T20:09:46.387Z] CLI Version:   10.0.1
[debug] [2023-04-01T20:09:46.388Z] Platform:      darwin
[debug] [2023-04-01T20:09:46.388Z] Node Version:  v12.18.1
[debug] [2023-04-01T20:09:46.389Z] Time:          Sun Apr 02 2023 01:39:46 GMT+0530 (India Standard Time)
[debug] [2023-04-01T20:09:46.389Z] ----------------------------------------------------------------------
[debug] 
[info] Already logged in as dhananjaybdeore@gmail.com
[debug] [2023-04-01T20:10:21.123Z] ----------------------------------------------------------------------
[debug] [2023-04-01T20:10:21.125Z] Command:       /usr/local/bin/firebase /Users/dhananjaydeore/.cache/firebase/tools/lib/node_modules/firebase-tools/lib/bin/firebase init
[debug] [2023-04-01T20:10:21.125Z] CLI Version:   10.0.1
[debug] [2023-04-01T20:10:21.125Z] Platform:      darwin
[debug] [2023-04-01T20:10:21.126Z] Node Version:  v12.18.1
[debug] [2023-04-01T20:10:21.127Z] Time:          Sun Apr 02 2023 01:40:21 GMT+0530 (India Standard Time)
[debug] [2023-04-01T20:10:21.127Z] ----------------------------------------------------------------------
[debug] 
[debug] [2023-04-01T20:10:21.138Z] > command requires scopes: ["email","openid","https://www.googleapis.com/auth/cloudplatformprojects.readonly","https://www.googleapis.com/auth/firebase","https://www.googleapis.com/auth/cloud-platform"]
[debug] [2023-04-01T20:10:21.138Z] > authorizing via signed-in user (dhananjaybdeore@gmail.com)
[info] 
     ######## #### ########  ######## ########     ###     ######  ########
     ##        ##  ##     ## ##       ##     ##  ##   ##  ##       ##
     ######    ##  ########  ######   ########  #########  ######  ######
     ##        ##  ##    ##  ##       ##     ## ##     ##       ## ##
     ##       #### ##     ## ######## ########  ##     ##  ######  ########

You're about to initialize a Firebase project in this directory:

  /Users/dhananjaydeore/Documents/Programs/whatsapp-clone/whatsapp-clone

